Reusing configuration cache.
> Task :clean
> Task :jarJar NO-SOURCE
> Task :generateModMetadata
> Task :processResources

> Task :createMinecraftArtifacts
Loaded 145 artifacts from C:\Users\Jimmy\Documents\github\Arcadia-RsPolymorph\build\tmp\createMinecraftArtifacts\nfrt_artifact_manifest.properties
[1m*** Started working on [4mdownloadJson[0m[0m
 [1m[92mDONE [0m Completed [4mdownloadJson[0m in 0.03s
[1m*** Started working on [4mdownloadServer[0m[0m
[1m*** Started working on [4mdownloadClientMappings[0m[0m
[1m*** Started working on [4mdownloadClient[0m[0m
 [1m[92mDONE [0m Completed [4mdownloadClient[0m in 0.04s
 [1m[92mDONE [0m Completed [4mdownloadServer[0m in 0.04s
 [1m[92mDONE [0m Completed [4mdownloadClientMappings[0m in 0.04s
[1m*** Started working on [4mmergeMappings[0m[0m
 [1m[92mREUSE[0m Used cache of [4mmergeMappings[0m in 0.00s
[1m*** Started working on [4mstripClient[0m[0m
 [1m[92mREUSE[0m Used cache of [4mstripClient[0m in 0.00s
[1m*** Started working on [4mextractServer[0m[0m
 [1m[92mREUSE[0m Used cache of [4mextractServer[0m in 0.00s
[1m*** Started working on [4mstripServer[0m[0m
 [1m[92mREUSE[0m Used cache of [4mstripServer[0m in 0.00s
[1m*** Started working on [4mmerge[0m[0m
 [1m[92mREUSE[0m Used cache of [4mmerge[0m in 0.00s
[1m*** Started working on [4mrename[0m[0m
 [1m[92mREUSE[0m Used cache of [4mrename[0m in 0.00s
[1m*** Started working on [4mdecompile[0m[0m
 [1m[92mREUSE[0m Used cache of [4mdecompile[0m in 0.00s
[1m*** Started working on [4minject[0m[0m
 [1m[92mREUSE[0m Used cache of [4minject[0m in 0.00s
[1m*** Started working on [4mpatch[0m[0m
 [1m[92mREUSE[0m Used cache of [4mpatch[0m in 0.00s
[1m*** Started working on [4mapplyNeoforgePatches[0m[0m
 [1m[92mREUSE[0m Used cache of [4mapplyNeoforgePatches[0m in 0.00s
[1m*** Started working on [4mtransformSources[0m[0m
 [1m[92mREUSE[0m Used cache of [4mtransformSources[0m in 0.00s
[1m*** Started working on [4mrecompile[0m[0m
 [1m[92mREUSE[0m Used cache of [4mrecompile[0m in 0.00s
[1m*** Started working on [4msourcesWithNeoForge[0m[0m
 [1m[92mREUSE[0m Used cache of [4msourcesWithNeoForge[0m in 0.00s
[1m*** Started working on [4mcompiledWithNeoForge[0m[0m
 [1m[92mREUSE[0m Used cache of [4mcompiledWithNeoForge[0m in 0.00s
[1m*** Started working on [4msourcesAndCompiledWithNeoForge[0m[0m
 [1m[92mREUSE[0m Used cache of [4msourcesAndCompiledWithNeoForge[0m in 0.00s
Total runtime: 1.99s


> Task :compileJava
./gradlew : warning: 
unknown enum constant 
Status.STABLE
Au caractère Ligne:1 : 
1
+ ./gradlew clean 
assemble > compile.log 
2>&1; $c = Get-Content 
compile ...
+ ~~~~~~~~~~~~~~~~~~~~~
~~~~~~~~~~~~~~~~~~~~~~
    + CategoryInfo     
         : NotSpecifi  
  ed: (warning: unkn   
 ow...t Status.STAB    
LE:String) [], Rem    
oteException
    + FullyQualifiedEr 
   rorId : NativeComm  
  andError
 
  reason: class file 
for org.apiguardian.api
.API$Status not found
warning: unknown enum 
constant 
Status.INTERNAL
warning: unknown enum 
constant 
Status.INTERNAL
warning: unknown enum 
constant 
Status.INTERNAL
warning: unknown enum 
constant 
Status.INTERNAL
warning: unknown enum 
constant Status.STABLE
warning: unknown enum 
constant Status.STABLE
warning: unknown enum 
constant Status.STABLE
warning: unknown enum 
constant Status.STABLE
warning: unknown enum 
constant 
Status.INTERNAL
warning: unknown enum 
constant Status.STABLE
warning: unknown enum 
constant Status.STABLE
warning: unknown enum 
constant Status.STABLE
warning: unknown enum 
constant Status.STABLE
warning: unknown enum 
constant Status.STABLE
Note: Some input files 
use unchecked or 
unsafe operations.
Note: Recompile with 
-Xlint:unchecked for 
details.
15 warnings

> Task :classes
> Task :jar
> Task :assemble

[Incubating] Problems report is available at: file:///C:/Users/Jimmy/Documents/github/Arcadia-RsPolymorph/build/reports/problems/problems-report.html

BUILD SUCCESSFUL in 6s
6 actionable tasks: 6 executed
Configuration cache entry reused.
